<?xml version="1.0" encoding="UTF-8"?>
<testng-results ignored="0" total="1" passed="1" failed="0" skipped="0">
  <reporter-output>
  </reporter-output>
  <suite started-at="2020-08-03T13:17:59Z" name="Surefire suite" finished-at="2020-08-03T13:18:11Z" duration-ms="11526">
    <groups>
    </groups>
    <test started-at="2020-08-03T13:17:59Z" name="Surefire test" finished-at="2020-08-03T13:18:11Z" duration-ms="11526">
      <class name="com.practice.seleniun_maven.NewTest">
        <test-method signature="f()[pri:0, instance:com.practice.seleniun_maven.NewTest@86be70a]" started-at="2020-08-03T13:17:59Z" name="f" finished-at="2020-08-03T13:18:11Z" duration-ms="11511" status="PASS">
          <reporter-output>
          </reporter-output>
        </test-method> <!-- f -->
      </class> <!-- com.practice.seleniun_maven.NewTest -->
    </test> <!-- Surefire test -->
  </suite> <!-- Surefire suite -->
</testng-results>
