<?xml version="1.0" encoding="UTF-8"?>
<testng-results ignored="0" total="1" passed="1" failed="0" skipped="0">
  <reporter-output>
  </reporter-output>
  <suite started-at="2020-08-03T13:12:40Z" name="Suite1" finished-at="2020-08-03T13:12:53Z" duration-ms="12615">
    <groups>
    </groups>
    <test started-at="2020-08-03T13:12:40Z" name="sampletest1" finished-at="2020-08-03T13:12:53Z" duration-ms="12615">
      <class name="com.practice.seleniun_maven.NewTest">
        <test-method signature="f()[pri:0, instance:com.practice.seleniun_maven.NewTest@18d87d80]" started-at="2020-08-03T13:12:40Z" name="f" finished-at="2020-08-03T13:12:53Z" duration-ms="12599" status="PASS">
          <reporter-output>
          </reporter-output>
        </test-method> <!-- f -->
      </class> <!-- com.practice.seleniun_maven.NewTest -->
    </test> <!-- sampletest1 -->
  </suite> <!-- Suite1 -->
</testng-results>
